<?xml version="1.0" encoding="UTF-8"?>
<testsuite xmlns:xsi="http://www.w3.org/2001/XMLSchema-instance" xsi:noNamespaceSchemaLocation="https://maven.apache.org/surefire/maven-surefire-plugin/xsd/surefire-test-report-3.0.xsd" version="3.0" name="co.burguerzona.BurguerZonaApplicationTests" time="5.806" tests="5" errors="0" skipped="0" failures="0">
  <properties>
[...]
</properties>
  <testcase name="listarUsuarios" classname="co.burguerzona.BurguerZonaApplicationTests" time="0.767">
    <system-out><![CDATA[20:49:41.609 [main] INFO org.springframework.test.context.support.AnnotationConfigContextLoaderUtils -- Could not detect default configuration classes for test class [co.burguerzona.BurguerZonaApplicationTests]: BurguerZonaApplicationTests does not declare any static, non-private, non-final, nested classes annotated with @Configuration.
20:49:41.685 [main] INFO org.springframework.boot.test.context.SpringBootTestContextBootstrapper -- Found @SpringBootConfiguration co.burguerzona.BurguerZonaApplication for test class co.burguerzona.BurguerZonaApplicationTests

  .   ____          _            __ _ _
 /\\ / ___'_ __ _ _(_)_ __  __ _ \ \ \ \
( ( )\___ | '_ | '_| | '_ \/ _` | \ \ \ \
 \\/  ___)| |_)| | | | | || (_| |  ) ) ) )
  '  |____| .__|_| |_|_| |_\__, | / / / /
 =========|_|==============|___/=/_/_/_/
 :: Spring Boot ::                (v3.2.5)

2026-05-19T20:49:42.024-05:00  INFO 15020 --- [           main] c.b.BurguerZonaApplicationTests          : Starting BurguerZonaApplicationTests using Java 17.0.12 with PID 15020 (started by User in C:\Users\User\burguerzona-spring)
2026-05-19T20:49:42.025-05:00  INFO 15020 --- [           main] c.b.BurguerZonaApplicationTests          : No active profile set, falling back to 1 default profile: "default"
2026-05-19T20:49:42.643-05:00  INFO 15020 --- [           main] .s.d.r.c.RepositoryConfigurationDelegate : Bootstrapping Spring Data JPA repositories in DEFAULT mode.
2026-05-19T20:49:42.712-05:00  INFO 15020 --- [           main] .s.d.r.c.RepositoryConfigurationDelegate : Finished Spring Data repository scanning in 62 ms. Found 4 JPA repository interfaces.
2026-05-19T20:49:43.259-05:00  INFO 15020 --- [           main] o.hibernate.jpa.internal.util.LogHelper  : HHH000204: Processing PersistenceUnitInfo [name: default]
2026-05-19T20:49:43.338-05:00  INFO 15020 --- [           main] org.hibernate.Version                    : HHH000412: Hibernate ORM core version 6.4.4.Final
2026-05-19T20:49:43.391-05:00  INFO 15020 --- [           main] o.h.c.internal.RegionFactoryInitiator    : HHH000026: Second-level cache disabled
2026-05-19T20:49:43.749-05:00  INFO 15020 --- [           main] o.s.o.j.p.SpringPersistenceUnitInfo      : No LoadTimeWeaver setup: ignoring JPA class transformer
2026-05-19T20:49:43.794-05:00  INFO 15020 --- [           main] com.zaxxer.hikari.HikariDataSource       : HikariPool-1 - Starting...
2026-05-19T20:49:44.234-05:00  INFO 15020 --- [           main] com.zaxxer.hikari.pool.HikariPool        : HikariPool-1 - Added connection ConnectionID:1 ClientConnectionId: 77efa69e-7d46-4933-9ed4-16e74cc7fbe0
2026-05-19T20:49:44.236-05:00  INFO 15020 --- [           main] com.zaxxer.hikari.HikariDataSource       : HikariPool-1 - Start completed.
2026-05-19T20:49:44.268-05:00  WARN 15020 --- [           main] org.hibernate.orm.deprecation            : HHH90000025: SQLServerDialect does not need to be specified explicitly using 'hibernate.dialect' (remove the property setting and it will be selected by default)
2026-05-19T20:49:45.468-05:00  INFO 15020 --- [           main] o.h.e.t.j.p.i.JtaPlatformInitiator       : HHH000489: No JTA platform available (set 'hibernate.transaction.jta.platform' to enable JTA platform integration)
2026-05-19T20:49:45.472-05:00  INFO 15020 --- [           main] j.LocalContainerEntityManagerFactoryBean : Initialized JPA EntityManagerFactory for persistence unit 'default'
2026-05-19T20:49:45.960-05:00  WARN 15020 --- [           main] JpaBaseConfiguration$JpaWebConfiguration : spring.jpa.open-in-view is enabled by default. Therefore, database queries may be performed during view rendering. Explicitly configure spring.jpa.open-in-view to disable this warning
2026-05-19T20:49:45.987-05:00  INFO 15020 --- [           main] o.s.b.a.w.s.WelcomePageHandlerMapping    : Adding welcome page template: index
2026-05-19T20:49:46.458-05:00  INFO 15020 --- [           main] c.b.BurguerZonaApplicationTests          : Started BurguerZonaApplicationTests in 4.636 seconds (process running for 5.371)
Hibernate: select u1_0.IdUser,u1_0.Aprellidos,u1_0.Documento,u1_0.Email,u1_0.Fecha_de_registro,u1_0.IdCargo,u1_0.IdGenero,u1_0.Nombre,u1_0.Telefono,u1_0.Tipo_de_documento from Usuarios u1_0
]]></system-out>
  </testcase>
  <testcase name="listarPlatos" classname="co.burguerzona.BurguerZonaApplicationTests" time="0.012">
    <system-out><![CDATA[Hibernate: select p1_0.IdPlato,p1_0.Descripcion,p1_0.Nombre_plato,p1_0.Precio from Platos p1_0
]]></system-out>
  </testcase>
  <testcase name="listarFacturas" classname="co.burguerzona.BurguerZonaApplicationTests" time="0.01">
    <system-out><![CDATA[Hibernate: select f1_0.IdFactura,f1_0.Fecha_factura,f1_0.IdPedido,f1_0.Total from factura f1_0
]]></system-out>
  </testcase>
  <testcase name="listarPedidos" classname="co.burguerzona.BurguerZonaApplicationTests" time="0.008">
    <system-out><![CDATA[Hibernate: select p1_0.IdPedido,p1_0.Cantidad,p1_0.Fecha_pedido,p1_0.IdPlato,p1_0.IdUser from pedidos p1_0
]]></system-out>
  </testcase>
  <testcase name="contextLoads" classname="co.burguerzona.BurguerZonaApplicationTests" time="0.004"/>
</testsuite>